e:\gal\שולחן עבודה\forclass3d\engine\debug\engine.pdb
e:\gal\שולחן עבודה\forclass3d\engine\debug\engine.idb
e:\gal\שולחן עבודה\forclass3d\engine\debug\shader.obj
e:\gal\שולחן עבודה\forclass3d\engine\debug\obj_loader.obj
e:\gal\שולחן עבודה\forclass3d\engine\debug\mesh.obj
e:\gal\שולחן עבודה\forclass3d\engine\debug\stb_image.obj
e:\gal\שולחן עבודה\rubix cube\engine\debug\engine.pdb
e:\gal\שולחן עבודה\rubix cube\engine\debug\engine.idb
e:\gal\שולחן עבודה\rubix cube\engine\debug\shader.obj
e:\gal\שולחן עבודה\rubix cube\engine\debug\obj_loader.obj
e:\gal\שולחן עבודה\rubix cube\engine\debug\mesh.obj
e:\gal\שולחן עבודה\rubix cube\engine\debug\stb_image.obj
e:\gal\שולחן עבודה\forclass3d\debug\engine.lib
e:\gal\שולחן עבודה\rubix cube\debug\engine.lib
e:\gal\שולחן עבודה\rubix cube\debug\engine.pdb
e:\gal\שולחן עבודה\rubix cube\engine\debug\engine.tlog\cl.command.1.tlog
e:\gal\שולחן עבודה\rubix cube\engine\debug\engine.tlog\cl.read.1.tlog
e:\gal\שולחן עבודה\rubix cube\engine\debug\engine.tlog\cl.write.1.tlog
e:\gal\שולחן עבודה\rubix cube\engine\debug\engine.tlog\lib-link.read.1.tlog
e:\gal\שולחן עבודה\rubix cube\engine\debug\engine.tlog\lib-link.write.1.tlog
e:\gal\שולחן עבודה\rubix cube\engine\debug\engine.tlog\lib.command.1.tlog
