e:\gal\שולחן עבודה\forclass3d\forclass3d\debug\vc141.pdb
e:\gal\שולחן עבודה\forclass3d\forclass3d\debug\vc141.idb
e:\gal\שולחן עבודה\forclass3d\forclass3d\debug\main.obj
e:\gal\שולחן עבודה\forclass3d\forclass3d\debug\display.obj
e:\gal\שולחן עבודה\rubix cube\forclass3d\debug\vc141.pdb
e:\gal\שולחן עבודה\rubix cube\forclass3d\debug\vc141.idb
e:\gal\שולחן עבודה\rubix cube\forclass3d\debug\main.obj
e:\gal\שולחן עבודה\rubix cube\forclass3d\debug\inputmanager.obj
e:\gal\שולחן עבודה\rubix cube\forclass3d\debug\display.obj
e:\gal\שולחן עבודה\forclass3d\debug\forclass3d.exe
e:\gal\שולחן עבודה\forclass3d\debug\forclass3d.ilk
e:\gal\שולחן עבודה\forclass3d\debug\forclass3d.pdb
e:\gal\שולחן עבודה\rubix cube\debug\forclass3d.exe
e:\gal\שולחן עבודה\rubix cube\debug\forclass3d.ilk
e:\gal\שולחן עבודה\rubix cube\debug\forclass3d.pdb
e:\gal\שולחן עבודה\rubix cube\forclass3d\debug\vc140.idb
e:\gal\שולחן עבודה\rubix cube\forclass3d\debug\vc140.pdb
e:\gal\שולחן עבודה\rubix cube\forclass3d\debug\forclass3d.tlog\cl.command.1.tlog
e:\gal\שולחן עבודה\rubix cube\forclass3d\debug\forclass3d.tlog\cl.read.1.tlog
e:\gal\שולחן עבודה\rubix cube\forclass3d\debug\forclass3d.tlog\cl.write.1.tlog
e:\gal\שולחן עבודה\rubix cube\forclass3d\debug\forclass3d.tlog\link.command.1.tlog
e:\gal\שולחן עבודה\rubix cube\forclass3d\debug\forclass3d.tlog\link.delete.1.tlog
e:\gal\שולחן עבודה\rubix cube\forclass3d\debug\forclass3d.tlog\link.read.1.tlog
e:\gal\שולחן עבודה\rubix cube\forclass3d\debug\forclass3d.tlog\link.write.1.tlog
